<?xml version="1.0" encoding="UTF-8"?>
<testng-results skipped="0" failed="0" total="1" passed="1">
  <reporter-output>
  </reporter-output>
  <suite name="Default suite" duration-ms="21149" started-at="2015-02-13T13:06:53Z" finished-at="2015-02-13T13:07:14Z">
    <groups>
    </groups>
    <test name="Default test" duration-ms="21149" started-at="2015-02-13T13:06:53Z" finished-at="2015-02-13T13:07:14Z">
      <class name="TlLoginTest">
        <test-method status="PASS" signature="setUp(java.lang.String, java.lang.String, java.lang.reflect.Method)[pri:0, instance:TlLoginTest@26538d04]" name="setUp" is-config="true" duration-ms="8678" started-at="2015-02-13T18:36:53Z" finished-at="2015-02-13T18:37:02Z">
          <params>
            <param index="0">
              <value>
                <![CDATA[jc8390]]>
              </value>
            </param>
            <param index="1">
              <value>
                <![CDATA[21a13290-d368-47bb-bc7f-ccf0384d6e76]]>
              </value>
            </param>
            <param index="2">
              <value>
                <![CDATA[public void TlLoginTest.loginTest() throws java.lang.Exception]]>
              </value>
            </param>
          </params>
          <reporter-output>
          </reporter-output>
        </test-method> <!-- setUp -->
        <test-method status="PASS" signature="loginTest()[pri:0, instance:TlLoginTest@26538d04]" name="loginTest" duration-ms="11150" started-at="2015-02-13T18:37:02Z" finished-at="2015-02-13T18:37:13Z">
          <reporter-output>
          </reporter-output>
        </test-method> <!-- loginTest -->
        <test-method status="PASS" signature="tearDown()[pri:0, instance:TlLoginTest@26538d04]" name="tearDown" is-config="true" duration-ms="1293" started-at="2015-02-13T18:37:13Z" finished-at="2015-02-13T18:37:14Z">
          <reporter-output>
          </reporter-output>
        </test-method> <!-- tearDown -->
      </class> <!-- TlLoginTest -->
    </test> <!-- Default test -->
  </suite> <!-- Default suite -->
</testng-results>
